This is pdfTeX, Version 3.1415926-2.4-1.40.13 (TeX Live 2012) (format=latex 2012.6.30)  26 SEP 2014 16:22
entering extended mode
 restricted \write18 enabled.
 %&-line parsing enabled.
**apssamp.tex
(./apssamp.tex
LaTeX2e <2011/06/27>
Babel <v3.8m> and hyphenation patterns for english, dumylang, nohyphenation, ge
rman-x-2012-05-30, ngerman-x-2012-05-30, afrikaans, ancientgreek, ibycus, arabi
c, armenian, basque, bulgarian, catalan, pinyin, coptic, croatian, czech, danis
h, dutch, ukenglish, usenglishmax, esperanto, estonian, ethiopic, farsi, finnis
h, french, friulan, galician, german, ngerman, swissgerman, monogreek, greek, h
ungarian, icelandic, assamese, bengali, gujarati, hindi, kannada, malayalam, ma
rathi, oriya, panjabi, tamil, telugu, indonesian, interlingua, irish, italian, 
kurmanji, latin, latvian, lithuanian, mongolian, mongolianlmc, bokmal, nynorsk,
 polish, portuguese, romanian, romansh, russian, sanskrit, serbian, serbianc, s
lovak, slovenian, spanish, swedish, turkish, turkmen, ukrainian, uppersorbian, 
welsh, loaded.
(/usr/local/texlive/2012/texmf-dist/tex/latex/revtex/revtex4-1.cls
Document Class: revtex4-1 2010/07/25/20:33:00 4.1r (http://publish.aps.org/revt
ex4/ for documentation)
 Copyright (c) 2009 The American Physical Society.
 mailto:revtex@aps.org
 Licensed under the LPPL:
http://www.ctan.org/tex-archive/macros/latex/base/lppl.txt
 Arthur Ogawa <arthur_ogawa at sbcglobal dot net>
 Based on work by David Carlisle <david at dcarlisle.demon.co.uk>.
ltxutil[2010/07/25/20:33:00 4.1r utilities package (portions licensed from W. E
. Baxter web at superscript.com)]
LaTeX Info: Redefining \@centercr on input line 308.
Class revtex4-1 Info: Repairing broken LaTeX eqnarray on input line 358.
\eqncolsep=\skip41
Class revtex4-1 Info: Repairing hyperref-unfriendly LaTeX definition of \mpfoot
note on input line 433.
Class revtex4-1 Info: Repairing broken LateX \@sect on input line 755.
\intertabularlinepenalty=\count79
\@tbpen=\count80
\@arstrutbox@hline=\box26
Class revtex4-1 Info: Repairing broken LaTeX \@xbitor on input line 1786.
Class revtex4-1 Info: Making \typeout \long on input line 2046.
ltxfront[2010/07/25/20:33:00 4.1r frontmatter package (AO,DPC)]
\c@affil=\count81
\c@collab=\count82
\absbox=\box27
ltxgrid[2010/07/25/20:33:00 4.1r page grid package (portions licensed from W. E
. Baxter web at superscript.com)]
\c@linecount=\count83
\output@latex=\toks14
\box@size@1=\box28
\box@size@2=\box29
\@protection@box=\box30
\@topmark@saved=\toks15
\footins@saved=\box31
\footins@recovered=\box32
\column@recovered=\box33
\pagesofar=\box34
\footsofar=\box35
\pagegrid@col=\count84
Class revtex4-1 Info: Overriding \@vspace, \@vspacer, \@no@pgbk, \@newline, and
 \\  on input line 5578.
\c@part=\count85
\c@section=\count86
\c@subsection=\count87
\c@subsubsection=\count88
\c@paragraph=\count89
\c@subparagraph=\count90
\abovecaptionskip=\skip42
\belowcaptionskip=\skip43
\c@figure=\count91
\fbox@1=\box36
\c@table=\count92
\fbox@2=\box37
\c@video=\count93
\fbox@4=\box38
\@bibdataout=\write3
\widetext@top=\box39
\widetext@bot=\box40
Class revtex4-1 Info: Selecting society aps on input line 7542.
(/usr/local/texlive/2012/texmf-dist/tex/latex/revtex/aps4-1.rtx
File: aps4-1 2010/07/25/20:33:00 4.1r (http://publish.aps.org/revtex4/ for docu
mentation)
Class revtex4-1 Info: RevTeX society APS selected on input line 31.
)

Class revtex4-1 Warning: No journal specified, using default pra.

Class revtex4-1 Info: APS journal PRA selected on input line 7545.
(/usr/local/texlive/2012/texmf-dist/tex/latex/revtex/aps10pt4-1.rtx
File: aps10pt4-1 2010/07/25/20:33:00 4.1r (http://publish.aps.org/revtex4/ for 
documentation)
Class revtex4-1 Info: RevTeX pointsize 10pt selected on input line 30.
)
(/usr/local/texlive/2012/texmf-dist/tex/latex/textcase/textcase.sty
Package: textcase 2004/10/07 v0.07 Text only upper/lower case changing (DPC)
)
(/usr/local/texlive/2012/texmf-dist/tex/latex/amsfonts/amssymb.sty
Package: amssymb 2009/06/22 v3.00

(/usr/local/texlive/2012/texmf-dist/tex/latex/amsfonts/amsfonts.sty
Package: amsfonts 2009/06/22 v3.00 Basic AMSFonts support
\@emptytoks=\toks16
\symAMSa=\mathgroup4
\symAMSb=\mathgroup5
LaTeX Font Info:    Overwriting math alphabet `\mathfrak' in version `bold'
(Font)                  U/euf/m/n --> U/euf/b/n on input line 96.
))
(/usr/local/texlive/2012/texmf-dist/tex/latex/amsmath/amsmath.sty
Package: amsmath 2000/07/18 v2.13 AMS math features
\@mathmargin=\skip44

For additional information on amsmath, use the `?' option.
(/usr/local/texlive/2012/texmf-dist/tex/latex/amsmath/amstext.sty
Package: amstext 2000/06/29 v2.01

(/usr/local/texlive/2012/texmf-dist/tex/latex/amsmath/amsgen.sty
File: amsgen.sty 1999/11/30 v2.0
\@emptytoks=\toks17
\ex@=\dimen102
)
LaTeX Info: Redefining \text on input line 53.
)
(/usr/local/texlive/2012/texmf-dist/tex/latex/amsmath/amsbsy.sty
Package: amsbsy 1999/11/29 v1.2d
\pmbraise@=\dimen103
)
(/usr/local/texlive/2012/texmf-dist/tex/latex/amsmath/amsopn.sty
Package: amsopn 1999/12/14 v2.01 operator names
)
\inf@bad=\count94
LaTeX Info: Redefining \frac on input line 211.
\uproot@=\count95
\leftroot@=\count96
LaTeX Info: Redefining \overline on input line 307.
\classnum@=\count97
\DOTSCASE@=\count98
LaTeX Info: Redefining \ldots on input line 379.
LaTeX Info: Redefining \dots on input line 382.
LaTeX Info: Redefining \cdots on input line 467.
\Mathstrutbox@=\box41
\strutbox@=\box42
\big@size=\dimen104
LaTeX Font Info:    Redeclaring font encoding OML on input line 567.
LaTeX Font Info:    Redeclaring font encoding OMS on input line 568.
\macc@depth=\count99
\c@MaxMatrixCols=\count100
\dotsspace@=\muskip10
\c@parentequation=\count101
\dspbrk@lvl=\count102
\tag@help=\toks18
\row@=\count103
\column@=\count104
\maxfields@=\count105
\andhelp@=\toks19
\eqnshift@=\dimen105
\alignsep@=\dimen106
\tagshift@=\dimen107
\tagwidth@=\dimen108
\totwidth@=\dimen109
\lineht@=\dimen110
\@envbody=\toks20
\multlinegap=\skip45
\multlinetaggap=\skip46
\mathdisplay@stack=\toks21
LaTeX Info: Redefining \[ on input line 2666.
LaTeX Info: Redefining \] on input line 2667.
)
(/usr/local/texlive/2012/texmf-dist/tex/latex/url/url.sty
\Urlmuskip=\muskip11
Package: url 2006/04/12  ver 3.3  Verb mode for urls, etc.
)
(/usr/local/texlive/2012/texmf-dist/tex/latex/natbib/natbib.sty
Package: natbib 2010/09/13 8.31b (PWD, AO)
\bibhang=\skip47
\bibsep=\skip48
LaTeX Info: Redefining \cite on input line 694.
\c@NAT@ctr=\count106
)
Class revtex4-1 Info: Repairing natbib's \BibitemShut on input line 7549.

(/usr/local/texlive/2012/texmf-dist/tex/latex/revtex/revsymb4-1.sty
Package: revsymb4-1 2010/07/25/20:33:00 4.1r (http://publish.aps.org/revtex4/ f
or documentation)
LaTeX Info: Redefining \frak on input line 95.
LaTeX Info: Redefining \Bbb on input line 111.
LaTeX Info: Redefining \REV@mathfrak on input line 119.
))
(/usr/local/texlive/2012/texmf-dist/tex/latex/graphics/graphicx.sty
Package: graphicx 1999/02/16 v1.0f Enhanced LaTeX Graphics (DPC,SPQR)

(/usr/local/texlive/2012/texmf-dist/tex/latex/graphics/keyval.sty
Package: keyval 1999/03/16 v1.13 key=value parser (DPC)
\KV@toks@=\toks22
)
(/usr/local/texlive/2012/texmf-dist/tex/latex/graphics/graphics.sty
Package: graphics 2009/02/05 v1.0o Standard LaTeX Graphics (DPC,SPQR)

(/usr/local/texlive/2012/texmf-dist/tex/latex/graphics/trig.sty
Package: trig 1999/03/16 v1.09 sin cos tan (DPC)
)
(/usr/local/texlive/2012/texmf-dist/tex/latex/latexconfig/graphics.cfg
File: graphics.cfg 2010/04/23 v1.9 graphics configuration of TeX Live
)
Package graphics Info: Driver file: dvips.def on input line 91.

(/usr/local/texlive/2012/texmf-dist/tex/latex/graphics/dvips.def
File: dvips.def 1999/02/16 v3.0i Driver-dependant file (DPC,SPQR)
))
\Gin@req@height=\dimen111
\Gin@req@width=\dimen112
)
(/usr/local/texlive/2012/texmf-dist/tex/latex/tools/dcolumn.sty
Package: dcolumn 2001/05/28 v1.06 decimal alignment package (DPC)

(/usr/local/texlive/2012/texmf-dist/tex/latex/tools/array.sty
Package: array 2008/09/09 v2.4c Tabular extension package (FMi)
\col@sep=\dimen113
\extrarowheight=\dimen114
\NC@list=\toks23
\extratabsurround=\skip49
\backup@length=\skip50
))
(/usr/local/texlive/2012/texmf-dist/tex/latex/tools/bm.sty
Package: bm 2004/02/26 v1.1c Bold Symbol Support (DPC/FMi)
\symboldoperators=\mathgroup6
\symboldletters=\mathgroup7
\symboldsymbols=\mathgroup8
LaTeX Font Info:    Redeclaring math alphabet \mathbf on input line 138.
LaTeX Info: Redefining \bm on input line 204.
)
Class revtex4-1 Info: Patching array package. on input line 58.
Class revtex4-1 Info: Robustifying \LaTeX's \boldmath command on input line 58.

Class revtex4-1 Info: cite was not loaded (OK!) on input line 58.
Class revtex4-1 Info: mcite was not loaded (OK!) on input line 58.
Class revtex4-1 Info: multicol was not loaded (OK!) on input line 58.
 (./apssamp.aux)
\openout1 = `apssamp.aux'.

LaTeX Font Info:    Checking defaults for OML/cmm/m/it on input line 58.
LaTeX Font Info:    ... okay on input line 58.
LaTeX Font Info:    Checking defaults for T1/cmr/m/n on input line 58.
LaTeX Font Info:    ... okay on input line 58.
LaTeX Font Info:    Checking defaults for OT1/cmr/m/n on input line 58.
LaTeX Font Info:    ... okay on input line 58.
LaTeX Font Info:    Checking defaults for OMS/cmsy/m/n on input line 58.
LaTeX Font Info:    ... okay on input line 58.
LaTeX Font Info:    Checking defaults for OMX/cmex/m/n on input line 58.
LaTeX Font Info:    ... okay on input line 58.
LaTeX Font Info:    Checking defaults for U/cmr/m/n on input line 58.
LaTeX Font Info:    ... okay on input line 58.
\openout3 = `apssampNotes.bib'.



Class revtex4-1 Warning: Assuming \noaffiliation for collaboration.

LaTeX Font Info:    Try loading font information for U+msa on input line 114.
(/usr/local/texlive/2012/texmf-dist/tex/latex/amsfonts/umsa.fd
File: umsa.fd 2009/06/22 v3.00 AMS symbols A
)
LaTeX Font Info:    Try loading font information for U+msb on input line 114.

(/usr/local/texlive/2012/texmf-dist/tex/latex/amsfonts/umsb.fd
File: umsb.fd 2009/06/22 v3.00 AMS symbols B
)
LaTeX Font Info:    Try loading font information for OMS+cmr on input line 114.


(/usr/local/texlive/2012/texmf-dist/tex/latex/base/omscmr.fd
File: omscmr.fd 1999/05/25 v2.5h Standard LaTeX font definitions
)
LaTeX Font Info:    Font shape `OMS/cmr/m/it' in size <9> not available
(Font)              Font shape `OMS/cmsy/m/n' tried instead on input line 114.


Class revtex4-1 Warning: If you want your PACS to appear in your output, use do
cument class option showpacs.

LaTeX Font Info:    Font shape `OMS/cmr/bx/n' in size <9> not available
(Font)              Font shape `OMS/cmsy/b/n' tried instead on input line 119.
LaTeX Font Info:    Font shape `OMS/cmr/m/n' in size <10> not available
(Font)              Font shape `OMS/cmsy/m/n' tried instead on input line 136.
[1]

Package natbib Warning: Citation `witten2001' on page 2 undefined on input line
 191.


Package natbib Warning: Citation `feyn54' on page 2 undefined on input line 191
.


Package natbib Warning: Citation `epr' on page 2 undefined on input line 200.


Package natbib Warning: Citation `epr' on page 2 undefined on input line 209.


Package natbib Warning: Citation `Beutler1994' on page 2 undefined on input lin
e 223.


Package natbib Warning: Citation `witten2001' on page 2 undefined on input line
 226.


Package natbib Warning: Citation `Bire82' on page 2 undefined on input line 226
.


Package natbib Warning: Citation `feyn54' on page 2 undefined on input line 231
.


Package natbib Warning: Citation `epr' on page 2 undefined on input line 231.


Package natbib Warning: Citation `witten2001' on page 2 undefined on input line
 231.


Package natbib Warning: Citation `Berman1983' on page 2 undefined on input line
 231.


Package natbib Warning: Citation `Davies1998' on page 2 undefined on input line
 231.


Package natbib Warning: Citation `Bire82' on page 2 undefined on input line 231
.


Package natbib Warning: Citation `epr' on page 2 undefined on input line 232.


Package natbib Warning: Citation `feyn54' on page 2 undefined on input line 232
.


Package natbib Warning: Citation `Bire82' on page 2 undefined on input line 232
.


Package natbib Warning: Citation `Berman1983' on page 2 undefined on input line
 232.


Package natbib Warning: Citation `witten2001' on page 2 undefined on input line
 232.


Package natbib Warning: Citation `Davies1998' on page 2 undefined on input line
 232.


Underfull \hbox (badness 1062) in paragraph at lines 256--267
\OT1/cmr/m/n/10 BibT[]X (one of these should be by arXiv con-ven-
 []


Underfull \hbox (badness 1205) in paragraph at lines 256--267
\OT1/cmr/m/n/10 tion \OT1/cmtt/m/n/10 apssamp.bib\OT1/cmr/m/n/10 ). Run-ning Bi
bT[]X (via \OT1/cmtt/m/n/10 bibtex
 []


Underfull \hbox (badness 1215) in paragraph at lines 256--267
\OT1/cmr/m/n/10 If not us-ing BibT[]X, you will have to cre-ate the
 []

[2]

Package natbib Warning: Citation `Note1' on page 3 undefined on input line 276.


LaTeX Font Info:    Try loading font information for U+euf on input line 290.
(/usr/local/texlive/2012/texmf-dist/tex/latex/amsfonts/ueuf.fd
File: ueuf.fd 2009/06/22 v3.00 Euler Fraktur
)
Underfull \hbox (badness 4819) in paragraph at lines 338--341
[]\OT1/cmr/m/n/10 Multiline equa-tions are ob-tained by us-ing the
 []


Underfull \hbox (badness 1152) in paragraph at lines 385--396
 \OT1/cmr/m/it/10 a. A few notes on \OT1/cmtt/m/it/10 tag\OT1/cmr/m/it/10 s[] [
]\OT1/cmtt/m/n/10 \tag{#1} \OT1/cmr/m/n/10 re-quires the
 []


Underfull \hbox (badness 10000) in paragraph at lines 397--406
[]\OT1/cmr/m/n/10 Enclosing dis-play math within
 []


Underfull \hbox (badness 10000) in paragraph at lines 397--406
[]\OT1/cmtt/m/n/10 \begin{subequations} \OT1/cmr/m/n/10 and []\OT1/cmtt/m/n/10 
\end{subequations}
 []


Underfull \hbox (badness 2626) in paragraph at lines 417--423
\OT1/cmr/m/n/10 Giving a []\OT1/cmtt/m/n/10 \label{#1} \OT1/cmr/m/n/10 com-mand
 di-rectly af-ter the
 []

[3]
File: fig_1.eps Graphic file (type eps)
 <fig_1.eps>
File: fig_2.eps Graphic file (type eps)
 <fig_2.eps>
LaTeX Font Info:    Font shape `OMS/cmr/m/n' in size <9> not available
(Font)              Font shape `OMS/cmsy/m/n' tried instead on input line 514.
 [4]

Package natbib Warning: Citation `feyn54' on page 5 undefined on input line 624
.

File: vid_1a.eps Graphic file (type eps)
<vid_1a.eps>
File: vid_1b.eps Graphic file (type eps)
 <vid_1b.eps>
Underfull \hbox (badness 7595) in paragraph at lines 659--680
[]\OT1/cmr/m/n/10 Video 1[] il-lus-trates sev-eral fea-tures new with
 []

[5]
No file apssamp.bbl.

Package natbib Warning: There were undefined citations.

[6] (./apssamp.aux) ) 
Here is how much of TeX's memory you used:
 3653 strings out of 493489
 45409 string characters out of 3141349
 122558 words of memory out of 3000000
 6910 multiletter control sequences out of 15000+200000
 20586 words of font info for 78 fonts, out of 3000000 for 9000
 957 hyphenation exceptions out of 8191
 34i,15n,31p,625b,421s stack positions out of 5000i,500n,10000p,200000b,50000s

Output written on apssamp.dvi (6 pages, 39636 bytes).
