This is pdfTeX, Version 3.1415926-2.4-1.40.13 (TeX Live 2012) (format=pdflatex 2012.9.27)  16 OCT 2014 17:34
entering extended mode
 restricted \write18 enabled.
 %&-line parsing enabled.
**ThermalBreathe.tex
(./ThermalBreathe.tex
LaTeX2e <2011/06/27>
Babel <v3.8m> and hyphenation patterns for english, dumylang, nohyphenation, ba
sque, danish, dutch, ukenglish, usenglishmax, finnish, french, german, ngerman,
 swissgerman, hungarian, italian, bokmal, nynorsk, polish, portuguese, spanish,
 swedish, loaded.
(/usr/local/texlive/2012basic/texmf-dist/tex/latex/revtex/revtex4-1.cls
Document Class: revtex4-1 2010/07/25/20:33:00 4.1r (http://publish.aps.org/revt
ex4/ for documentation)
 Copyright (c) 2009 The American Physical Society.
 mailto:revtex@aps.org
 Licensed under the LPPL:
http://www.ctan.org/tex-archive/macros/latex/base/lppl.txt
 Arthur Ogawa <arthur_ogawa at sbcglobal dot net>
 Based on work by David Carlisle <david at dcarlisle.demon.co.uk>.
ltxutil[2010/07/25/20:33:00 4.1r utilities package (portions licensed from W. E
. Baxter web at superscript.com)]
LaTeX Info: Redefining \@centercr on input line 308.
Class revtex4-1 Info: Repairing broken LaTeX eqnarray on input line 358.
\eqncolsep=\skip41
Class revtex4-1 Info: Repairing hyperref-unfriendly LaTeX definition of \mpfoot
note on input line 433.
Class revtex4-1 Info: Repairing broken LateX \@sect on input line 755.
\intertabularlinepenalty=\count79
\@tbpen=\count80
\@arstrutbox@hline=\box26
Class revtex4-1 Info: Repairing broken LaTeX \@xbitor on input line 1786.
Class revtex4-1 Info: Making \typeout \long on input line 2046.
ltxfront[2010/07/25/20:33:00 4.1r frontmatter package (AO,DPC)]
\c@affil=\count81
\c@collab=\count82
\absbox=\box27
ltxgrid[2010/07/25/20:33:00 4.1r page grid package (portions licensed from W. E
. Baxter web at superscript.com)]
\c@linecount=\count83
\output@latex=\toks14
\box@size@1=\box28
\box@size@2=\box29
\@protection@box=\box30
\@topmark@saved=\toks15
\footins@saved=\box31
\footins@recovered=\box32
\column@recovered=\box33
\pagesofar=\box34
\footsofar=\box35
\pagegrid@col=\count84
Class revtex4-1 Info: Overriding \@vspace, \@vspacer, \@no@pgbk, \@newline, and
 \\  on input line 5578.
\c@part=\count85
\c@section=\count86
\c@subsection=\count87
\c@subsubsection=\count88
\c@paragraph=\count89
\c@subparagraph=\count90
\abovecaptionskip=\skip42
\belowcaptionskip=\skip43
\c@figure=\count91
\fbox@1=\box36
\c@table=\count92
\fbox@2=\box37
\c@video=\count93
\fbox@4=\box38
\@bibdataout=\write3
\widetext@top=\box39
\widetext@bot=\box40
Class revtex4-1 Info: Selecting society aps on input line 7542.
(/usr/local/texlive/2012basic/texmf-dist/tex/latex/revtex/aps4-1.rtx
File: aps4-1 2010/07/25/20:33:00 4.1r (http://publish.aps.org/revtex4/ for docu
mentation)
Class revtex4-1 Info: RevTeX society APS selected on input line 31.
)

Class revtex4-1 Warning: No journal specified, using default pra.

Class revtex4-1 Info: APS journal PRA selected on input line 7545.
(/usr/local/texlive/2012basic/texmf-dist/tex/latex/revtex/aps10pt4-1.rtx
File: aps10pt4-1 2010/07/25/20:33:00 4.1r (http://publish.aps.org/revtex4/ for 
documentation)
Class revtex4-1 Info: RevTeX pointsize 10pt selected on input line 30.
)
(/usr/local/texlive/2012basic/texmf-dist/tex/latex/textcase/textcase.sty
Package: textcase 2004/10/07 v0.07 Text only upper/lower case changing (DPC)
)
(/usr/local/texlive/2012basic/texmf-dist/tex/latex/amsfonts/amssymb.sty
Package: amssymb 2009/06/22 v3.00

(/usr/local/texlive/2012basic/texmf-dist/tex/latex/amsfonts/amsfonts.sty
Package: amsfonts 2009/06/22 v3.00 Basic AMSFonts support
\@emptytoks=\toks16
\symAMSa=\mathgroup4
\symAMSb=\mathgroup5
LaTeX Font Info:    Overwriting math alphabet `\mathfrak' in version `bold'
(Font)                  U/euf/m/n --> U/euf/b/n on input line 96.
))
(/usr/local/texlive/2012basic/texmf-dist/tex/latex/amsmath/amsmath.sty
Package: amsmath 2000/07/18 v2.13 AMS math features
\@mathmargin=\skip44

For additional information on amsmath, use the `?' option.
(/usr/local/texlive/2012basic/texmf-dist/tex/latex/amsmath/amstext.sty
Package: amstext 2000/06/29 v2.01

(/usr/local/texlive/2012basic/texmf-dist/tex/latex/amsmath/amsgen.sty
File: amsgen.sty 1999/11/30 v2.0
\@emptytoks=\toks17
\ex@=\dimen102
)
LaTeX Info: Redefining \text on input line 53.
)
(/usr/local/texlive/2012basic/texmf-dist/tex/latex/amsmath/amsbsy.sty
Package: amsbsy 1999/11/29 v1.2d
\pmbraise@=\dimen103
)
(/usr/local/texlive/2012basic/texmf-dist/tex/latex/amsmath/amsopn.sty
Package: amsopn 1999/12/14 v2.01 operator names
)
\inf@bad=\count94
LaTeX Info: Redefining \frac on input line 211.
\uproot@=\count95
\leftroot@=\count96
LaTeX Info: Redefining \overline on input line 307.
\classnum@=\count97
\DOTSCASE@=\count98
LaTeX Info: Redefining \ldots on input line 379.
LaTeX Info: Redefining \dots on input line 382.
LaTeX Info: Redefining \cdots on input line 467.
\Mathstrutbox@=\box41
\strutbox@=\box42
\big@size=\dimen104
LaTeX Font Info:    Redeclaring font encoding OML on input line 567.
LaTeX Font Info:    Redeclaring font encoding OMS on input line 568.
\macc@depth=\count99
\c@MaxMatrixCols=\count100
\dotsspace@=\muskip10
\c@parentequation=\count101
\dspbrk@lvl=\count102
\tag@help=\toks18
\row@=\count103
\column@=\count104
\maxfields@=\count105
\andhelp@=\toks19
\eqnshift@=\dimen105
\alignsep@=\dimen106
\tagshift@=\dimen107
\tagwidth@=\dimen108
\totwidth@=\dimen109
\lineht@=\dimen110
\@envbody=\toks20
\multlinegap=\skip45
\multlinetaggap=\skip46
\mathdisplay@stack=\toks21
LaTeX Info: Redefining \[ on input line 2666.
LaTeX Info: Redefining \] on input line 2667.
)
(/usr/local/texlive/2012basic/texmf-dist/tex/latex/url/url.sty
\Urlmuskip=\muskip11
Package: url 2006/04/12  ver 3.3  Verb mode for urls, etc.
)
(/usr/local/texlive/2012basic/texmf-dist/tex/latex/natbib/natbib.sty
Package: natbib 2010/09/13 8.31b (PWD, AO)
\bibhang=\skip47
\bibsep=\skip48
LaTeX Info: Redefining \cite on input line 694.
\c@NAT@ctr=\count106
)
Class revtex4-1 Info: Repairing natbib's \BibitemShut on input line 7549.

(/usr/local/texlive/2012basic/texmf-dist/tex/latex/revtex/revsymb4-1.sty
Package: revsymb4-1 2010/07/25/20:33:00 4.1r (http://publish.aps.org/revtex4/ f
or documentation)
LaTeX Info: Redefining \frak on input line 95.
LaTeX Info: Redefining \Bbb on input line 111.
LaTeX Info: Redefining \REV@mathfrak on input line 119.
))
(/usr/local/texlive/2012basic/texmf-dist/tex/latex/graphics/graphicx.sty
Package: graphicx 1999/02/16 v1.0f Enhanced LaTeX Graphics (DPC,SPQR)

(/usr/local/texlive/2012basic/texmf-dist/tex/latex/graphics/keyval.sty
Package: keyval 1999/03/16 v1.13 key=value parser (DPC)
\KV@toks@=\toks22
)
(/usr/local/texlive/2012basic/texmf-dist/tex/latex/graphics/graphics.sty
Package: graphics 2009/02/05 v1.0o Standard LaTeX Graphics (DPC,SPQR)

(/usr/local/texlive/2012basic/texmf-dist/tex/latex/graphics/trig.sty
Package: trig 1999/03/16 v1.09 sin cos tan (DPC)
)
(/usr/local/texlive/2012basic/texmf-dist/tex/latex/latexconfig/graphics.cfg
File: graphics.cfg 2010/04/23 v1.9 graphics configuration of TeX Live
)
Package graphics Info: Driver file: pdftex.def on input line 91.

(/usr/local/texlive/2012basic/texmf-dist/tex/latex/pdftex-def/pdftex.def
File: pdftex.def 2011/05/27 v0.06d Graphics/color for pdfTeX

(/usr/local/texlive/2012basic/texmf-dist/tex/generic/oberdiek/infwarerr.sty
Package: infwarerr 2010/04/08 v1.3 Providing info/warning/error messages (HO)
)
(/usr/local/texlive/2012basic/texmf-dist/tex/generic/oberdiek/ltxcmds.sty
Package: ltxcmds 2011/11/09 v1.22 LaTeX kernel commands for general use (HO)
)
\Gread@gobject=\count107
))
\Gin@req@height=\dimen111
\Gin@req@width=\dimen112
)
(/usr/local/texlive/2012basic/texmf-dist/tex/latex/tools/dcolumn.sty
Package: dcolumn 2001/05/28 v1.06 decimal alignment package (DPC)

(/usr/local/texlive/2012basic/texmf-dist/tex/latex/tools/array.sty
Package: array 2008/09/09 v2.4c Tabular extension package (FMi)
\col@sep=\dimen113
\extrarowheight=\dimen114
\NC@list=\toks23
\extratabsurround=\skip49
\backup@length=\skip50
))
(/usr/local/texlive/2012basic/texmf-dist/tex/latex/tools/bm.sty
Package: bm 2004/02/26 v1.1c Bold Symbol Support (DPC/FMi)
\symboldoperators=\mathgroup6
\symboldletters=\mathgroup7
\symboldsymbols=\mathgroup8
LaTeX Font Info:    Redeclaring math alphabet \mathbf on input line 138.
LaTeX Info: Redefining \bm on input line 204.
)
Class revtex4-1 Info: Patching array package. on input line 58.
Class revtex4-1 Info: Robustifying \LaTeX's \boldmath command on input line 58.

Class revtex4-1 Info: cite was not loaded (OK!) on input line 58.
Class revtex4-1 Info: mcite was not loaded (OK!) on input line 58.
Class revtex4-1 Info: multicol was not loaded (OK!) on input line 58.

(./ThermalBreathe.aux

LaTeX Warning: Label `pyramid' multiply defined.

)
\openout1 = `ThermalBreathe.aux'.

LaTeX Font Info:    Checking defaults for OML/cmm/m/it on input line 58.
LaTeX Font Info:    ... okay on input line 58.
LaTeX Font Info:    Checking defaults for T1/cmr/m/n on input line 58.
LaTeX Font Info:    ... okay on input line 58.
LaTeX Font Info:    Checking defaults for OT1/cmr/m/n on input line 58.
LaTeX Font Info:    ... okay on input line 58.
LaTeX Font Info:    Checking defaults for OMS/cmsy/m/n on input line 58.
LaTeX Font Info:    ... okay on input line 58.
LaTeX Font Info:    Checking defaults for OMX/cmex/m/n on input line 58.
LaTeX Font Info:    ... okay on input line 58.
LaTeX Font Info:    Checking defaults for U/cmr/m/n on input line 58.
LaTeX Font Info:    ... okay on input line 58.
 (/usr/local/texlive/2012basic/texmf-dist/tex/context/base/supp-pdf.mkii
[Loading MPS to PDF converter (version 2006.09.02).]
\scratchcounter=\count108
\scratchdimen=\dimen115
\scratchbox=\box43
\nofMPsegments=\count109
\nofMParguments=\count110
\everyMPshowfont=\toks24
\MPscratchCnt=\count111
\MPscratchDim=\dimen116
\MPnumerator=\count112
\makeMPintoPDFobject=\count113
\everyMPtoPDFconversion=\toks25
) (/usr/local/texlive/2012basic/texmf-dist/tex/generic/oberdiek/pdftexcmds.sty
Package: pdftexcmds 2011/11/29 v0.20 Utility functions of pdfTeX for LuaTeX (HO
)

(/usr/local/texlive/2012basic/texmf-dist/tex/generic/oberdiek/ifluatex.sty
Package: ifluatex 2010/03/01 v1.3 Provides the ifluatex switch (HO)
Package ifluatex Info: LuaTeX not detected.
)
(/usr/local/texlive/2012basic/texmf-dist/tex/generic/oberdiek/ifpdf.sty
Package: ifpdf 2011/01/30 v2.3 Provides the ifpdf switch (HO)
Package ifpdf Info: pdfTeX in PDF mode is detected.
)
Package pdftexcmds Info: LuaTeX not detected.
Package pdftexcmds Info: \pdf@primitive is available.
Package pdftexcmds Info: \pdf@ifprimitive is available.
Package pdftexcmds Info: \pdfdraftmode found.
)
(/usr/local/texlive/2012basic/texmf-dist/tex/latex/oberdiek/epstopdf-base.sty
Package: epstopdf-base 2010/02/09 v2.5 Base part for package epstopdf

(/usr/local/texlive/2012basic/texmf-dist/tex/latex/oberdiek/grfext.sty
Package: grfext 2010/08/19 v1.1 Manage graphics extensions (HO)

(/usr/local/texlive/2012basic/texmf-dist/tex/generic/oberdiek/kvdefinekeys.sty
Package: kvdefinekeys 2011/04/07 v1.3 Define keys (HO)
)) (/usr/local/texlive/2012basic/texmf-dist/tex/latex/oberdiek/kvoptions.sty
Package: kvoptions 2011/06/30 v3.11 Key value format for package options (HO)

(/usr/local/texlive/2012basic/texmf-dist/tex/generic/oberdiek/kvsetkeys.sty
Package: kvsetkeys 2012/04/25 v1.16 Key value parser (HO)

(/usr/local/texlive/2012basic/texmf-dist/tex/generic/oberdiek/etexcmds.sty
Package: etexcmds 2011/02/16 v1.5 Avoid name clashes with e-TeX commands (HO)
Package etexcmds Info: Could not find \expanded.
(etexcmds)             That can mean that you are not using pdfTeX 1.50 or
(etexcmds)             that some package has redefined \expanded.
(etexcmds)             In the latter case, load this package earlier.
)))
Package grfext Info: Graphics extension search list:
(grfext)             [.png,.pdf,.jpg,.mps,.jpeg,.jbig2,.jb2,.PNG,.PDF,.JPG,.JPE
G,.JBIG2,.JB2,.eps]
(grfext)             \AppendGraphicsExtensions on input line 452.

(/usr/local/texlive/2012basic/texmf-dist/tex/latex/latexconfig/epstopdf-sys.cfg
File: epstopdf-sys.cfg 2010/07/13 v1.3 Configuration of (r)epstopdf for TeX Liv
e
))
\openout3 = `ThermalBreatheNotes.bib'.



Class revtex4-1 Warning: Assuming \noaffiliation for authors.

LaTeX Font Info:    Try loading font information for U+msa on input line 113.
(/usr/local/texlive/2012basic/texmf-dist/tex/latex/amsfonts/umsa.fd
File: umsa.fd 2009/06/22 v3.00 AMS symbols A
)
LaTeX Font Info:    Try loading font information for U+msb on input line 113.

(/usr/local/texlive/2012basic/texmf-dist/tex/latex/amsfonts/umsb.fd
File: umsb.fd 2009/06/22 v3.00 AMS symbols B
)

Class revtex4-1 Warning: If you want your PACS to appear in your output, use do
cument class option showpacs.


Overfull \hbox (3.85545pt too wide) in alignment at lines 142--145
 [][][] []
 []

[1{/usr/local/texlive/2012basic/texmf-var/fonts/map/pdftex/updmap/pdftex.map}]
<./figs/725QuadDecay.pdf, id=24, 397.485pt x 307.1475pt>
File: ./figs/725QuadDecay.pdf Graphic file (type pdf)

<use ./figs/725QuadDecay.pdf>
Package pdftex.def Info: ./figs/725QuadDecay.pdf used on input line 207.
(pdftex.def)             Requested size: 113.81102pt x 87.94568pt.

<./figs/BreatheDecf56t106Short_v2.pdf, id=25, 855.195pt x 570.13pt>
File: ./figs/BreatheDecf56t106Short_v2.pdf Graphic file (type pdf)

<use ./figs/BreatheDecf56t106Short_v2.pdf>
Package pdftex.def Info: ./figs/BreatheDecf56t106Short_v2.pdf used on input lin
e 211.
(pdftex.def)             Requested size: 113.81102pt x 75.86809pt.

<./figs/DampingvsCollRateSpherical_v2.pdf, id=26, 855.195pt x 570.13pt>
File: ./figs/DampingvsCollRateSpherical_v2.pdf Graphic file (type pdf)

<use ./figs/DampingvsCollRateSpherical_v2.pdf>
Package pdftex.def Info: ./figs/DampingvsCollRateSpherical_v2.pdf used on input
 line 224.
(pdftex.def)             Requested size: 227.62204pt x 151.74489pt.

Underfull \hbox (badness 1152) in paragraph at lines 237--248
 \OT1/cmr/m/it/10 a. A few notes on \OT1/cmtt/m/it/10 tag\OT1/cmr/m/it/10 s[] [
]\OT1/cmtt/m/n/10 \tag{#1} \OT1/cmr/m/n/10 re-quires the
 []


Underfull \hbox (badness 10000) in paragraph at lines 249--258
[]\OT1/cmr/m/n/10 Enclosing dis-play math within
 []


Underfull \hbox (badness 10000) in paragraph at lines 249--258
[]\OT1/cmtt/m/n/10 \begin{subequations} \OT1/cmr/m/n/10 and []\OT1/cmtt/m/n/10 
\end{subequations}
 []


Underfull \hbox (badness 2626) in paragraph at lines 269--275
\OT1/cmr/m/n/10 Giving a []\OT1/cmtt/m/n/10 \label{#1} \OT1/cmr/m/n/10 com-mand
 di-rectly af-ter the
 []

[2 <./figs/725QuadDecay.pdf> <./figs/BreatheDecf56t106Short_v2.pdf> <./figs/Dam
pingvsCollRateSpherical_v2.pdf>]
Package epstopdf Info: Source file: <fig_1.eps>
(epstopdf)                    date: 2014-10-08 14:49:44
(epstopdf)                    size: 193 bytes
(epstopdf)             Output file: <fig_1-eps-converted-to.pdf>
(epstopdf)                    date: 2014-10-08 14:49:44
(epstopdf)                    size: 4510 bytes
(epstopdf)             Command: <repstopdf --outfile=fig_1-eps-converted-to.pdf
 fig_1.eps>
(epstopdf)             \includegraphics on input line 341.
Package epstopdf Info: Output file is already uptodate.

<fig_1-eps-converted-to.pdf, id=68, 100.375pt x 100.375pt>
File: fig_1-eps-converted-to.pdf Graphic file (type pdf)

<use fig_1-eps-converted-to.pdf>
Package pdftex.def Info: fig_1-eps-converted-to.pdf used on input line 341.
(pdftex.def)             Requested size: 100.37474pt x 100.37474pt.
Package epstopdf Info: Source file: <fig_2.eps>
(epstopdf)                    date: 2014-10-08 14:49:44
(epstopdf)                    size: 196 bytes
(epstopdf)             Output file: <fig_2-eps-converted-to.pdf>
(epstopdf)                    date: 2014-10-08 14:49:44
(epstopdf)                    size: 4785 bytes
(epstopdf)             Command: <repstopdf --outfile=fig_2-eps-converted-to.pdf
 fig_2.eps>
(epstopdf)             \includegraphics on input line 357.
Package epstopdf Info: Output file is already uptodate.

<fig_2-eps-converted-to.pdf, id=69, 501.875pt x 80.3pt>
File: fig_2-eps-converted-to.pdf Graphic file (type pdf)

<use fig_2-eps-converted-to.pdf>
Package pdftex.def Info: fig_2-eps-converted-to.pdf used on input line 357.
(pdftex.def)             Requested size: 501.87376pt x 80.29979pt.
LaTeX Font Info:    Try loading font information for OMS+cmr on input line 366.


(/usr/local/texlive/2012basic/texmf-dist/tex/latex/base/omscmr.fd
File: omscmr.fd 1999/05/25 v2.5h Standard LaTeX font definitions
)
LaTeX Font Info:    Font shape `OMS/cmr/m/n' in size <9> not available
(Font)              Font shape `OMS/cmsy/m/n' tried instead on input line 366.
LaTeX Font Info:    Font shape `OMS/cmr/m/n' in size <10> not available
(Font)              Font shape `OMS/cmsy/m/n' tried instead on input line 427.


Package natbib Warning: Citation `feyn54' on page 3 undefined on input line 476
.

[3 <./fig_1-eps-converted-to.pdf>]
Package epstopdf Info: Source file: <vid_1a.eps>
(epstopdf)                    date: 2014-10-08 14:49:44
(epstopdf)                    size: 194 bytes
(epstopdf)             Output file: <vid_1a-eps-converted-to.pdf>
(epstopdf)                    date: 2014-10-08 14:49:44
(epstopdf)                    size: 4603 bytes
(epstopdf)             Command: <repstopdf --outfile=vid_1a-eps-converted-to.pd
f vid_1a.eps>
(epstopdf)             \includegraphics on input line 516.
Package epstopdf Info: Output file is already uptodate.

<vid_1a-eps-converted-to.pdf, id=80, 100.375pt x 100.375pt>
File: vid_1a-eps-converted-to.pdf Graphic file (type pdf)

<use vid_1a-eps-converted-to.pdf>
Package pdftex.def Info: vid_1a-eps-converted-to.pdf used on input line 516.
(pdftex.def)             Requested size: 100.37474pt x 100.37474pt.
Package epstopdf Info: Source file: <vid_1b.eps>
(epstopdf)                    date: 2014-10-08 14:49:44
(epstopdf)                    size: 194 bytes
(epstopdf)             Output file: <vid_1b-eps-converted-to.pdf>
(epstopdf)                    date: 2014-10-08 14:49:44
(epstopdf)                    size: 4663 bytes
(epstopdf)             Command: <repstopdf --outfile=vid_1b-eps-converted-to.pd
f vid_1b.eps>
(epstopdf)             \includegraphics on input line 518.
Package epstopdf Info: Output file is already uptodate.

<vid_1b-eps-converted-to.pdf, id=81, 100.375pt x 100.375pt>
File: vid_1b-eps-converted-to.pdf Graphic file (type pdf)

<use vid_1b-eps-converted-to.pdf>
Package pdftex.def Info: vid_1b-eps-converted-to.pdf used on input line 518.
(pdftex.def)             Requested size: 100.37474pt x 100.37474pt.

Underfull \hbox (badness 7595) in paragraph at lines 511--532
[]\OT1/cmr/m/n/10 Video 1[] il-lus-trates sev-eral fea-tures new with
 []

[4 <./fig_2-eps-converted-to.pdf>]

LaTeX Warning: A float is stuck (cannot be placed); try class option [floatfix]
 on input line 541.

No file ThermalBreathe.bbl.

Package natbib Warning: There were undefined citations.

[5 <./vid_1a-eps-converted-to.pdf> <./vid_1b-eps-converted-to.pdf>]
(./ThermalBreathe.aux)

LaTeX Warning: There were multiply-defined labels.

 ) 
Here is how much of TeX's memory you used:
 4609 strings out of 494578
 61425 string characters out of 3168574
 154002 words of memory out of 3000000
 7727 multiletter control sequences out of 15000+200000
 19170 words of font info for 72 fonts, out of 3000000 for 9000
 314 hyphenation exceptions out of 8191
 38i,15n,28p,1142b,421s stack positions out of 5000i,500n,10000p,200000b,50000s
</usr/local/texlive/2012basic/texmf-dist/fonts/type1/public/amsfonts/cm/cmbx1
0.pfb></usr/local/texlive/2012basic/texmf-dist/fonts/type1/public/amsfonts/cm/c
mbx12.pfb></usr/local/texlive/2012basic/texmf-dist/fonts/type1/public/amsfonts/
cm/cmbx7.pfb></usr/local/texlive/2012basic/texmf-dist/fonts/type1/public/amsfon
ts/cm/cmbx8.pfb></usr/local/texlive/2012basic/texmf-dist/fonts/type1/public/ams
fonts/cm/cmbx9.pfb></usr/local/texlive/2012basic/texmf-dist/fonts/type1/public/
amsfonts/cm/cmex10.pfb></usr/local/texlive/2012basic/texmf-dist/fonts/type1/pub
lic/amsfonts/cm/cmitt10.pfb></usr/local/texlive/2012basic/texmf-dist/fonts/type
1/public/amsfonts/cm/cmmi10.pfb></usr/local/texlive/2012basic/texmf-dist/fonts/
type1/public/amsfonts/cm/cmmi12.pfb></usr/local/texlive/2012basic/texmf-dist/fo
nts/type1/public/amsfonts/cm/cmmi6.pfb></usr/local/texlive/2012basic/texmf-dist
/fonts/type1/public/amsfonts/cm/cmmi7.pfb></usr/local/texlive/2012basic/texmf-d
ist/fonts/type1/public/amsfonts/cm/cmmi8.pfb></usr/local/texlive/2012basic/texm
f-dist/fonts/type1/public/amsfonts/cm/cmmi9.pfb></usr/local/texlive/2012basic/t
exmf-dist/fonts/type1/public/amsfonts/cm/cmr10.pfb></usr/local/texlive/2012basi
c/texmf-dist/fonts/type1/public/amsfonts/cm/cmr12.pfb></usr/local/texlive/2012b
asic/texmf-dist/fonts/type1/public/amsfonts/cm/cmr5.pfb></usr/local/texlive/201
2basic/texmf-dist/fonts/type1/public/amsfonts/cm/cmr6.pfb></usr/local/texlive/2
012basic/texmf-dist/fonts/type1/public/amsfonts/cm/cmr7.pfb></usr/local/texlive
/2012basic/texmf-dist/fonts/type1/public/amsfonts/cm/cmr8.pfb></usr/local/texli
ve/2012basic/texmf-dist/fonts/type1/public/amsfonts/cm/cmr9.pfb></usr/local/tex
live/2012basic/texmf-dist/fonts/type1/public/amsfonts/cm/cmsy10.pfb></usr/local
/texlive/2012basic/texmf-dist/fonts/type1/public/amsfonts/cm/cmsy6.pfb></usr/lo
cal/texlive/2012basic/texmf-dist/fonts/type1/public/amsfonts/cm/cmsy7.pfb></usr
/local/texlive/2012basic/texmf-dist/fonts/type1/public/amsfonts/cm/cmsy8.pfb></
usr/local/texlive/2012basic/texmf-dist/fonts/type1/public/amsfonts/cm/cmsy9.pfb
></usr/local/texlive/2012basic/texmf-dist/fonts/type1/public/amsfonts/cm/cmti10
.pfb></usr/local/texlive/2012basic/texmf-dist/fonts/type1/public/amsfonts/cm/cm
ti9.pfb></usr/local/texlive/2012basic/texmf-dist/fonts/type1/public/amsfonts/cm
/cmtt10.pfb></usr/local/texlive/2012basic/texmf-dist/fonts/type1/public/amsfont
s/cm/cmtt9.pfb></usr/local/texlive/2012basic/texmf-dist/fonts/type1/public/amsf
onts/symbols/msam10.pfb>
Output written on ThermalBreathe.pdf (5 pages, 570357 bytes).
PDF statistics:
 197 PDF objects out of 1000 (max. 8388607)
 141 compressed objects within 2 object streams
 0 named destinations out of 1000 (max. 500000)
 36 words of extra memory for PDF output out of 10000 (max. 10000000)

